[22-May-2019 20:17:43 UTC] PHP Fatal error:  Uncaught PDOException: SQLSTATE[42S02]: Base table or view not found: 1146 Table 'twittercapture._hashtags' doesn't exist in /var/www/dmi-tcat/analysis/common/functions.php:874
Stack trace:
#0 /var/www/dmi-tcat/analysis/common/functions.php(874): PDOStatement->execute()
#1 /var/www/dmi-tcat/analysis/common/functions.php(237): current_collation()
#2 /var/www/dmi-tcat/analysis/index.php(367): sqlSubset()
#3 {main}
  thrown in /var/www/dmi-tcat/analysis/common/functions.php on line 874
[25-May-2019 14:59:34 UTC] PHP Fatal error:  Uncaught PDOException: SQLSTATE[42S02]: Base table or view not found: 1146 Table 'twittercapture._hashtags' doesn't exist in /var/www/dmi-tcat/analysis/common/functions.php:889
Stack trace:
#0 /var/www/dmi-tcat/analysis/common/functions.php(889): PDOStatement->execute()
#1 /var/www/dmi-tcat/analysis/common/functions.php(244): current_collation()
#2 /var/www/dmi-tcat/analysis/index.php(357): sqlSubset()
#3 {main}
  thrown in /var/www/dmi-tcat/analysis/common/functions.php on line 889
[26-May-2019 17:46:22 UTC] PHP Fatal error:  Uncaught PDOException: SQLSTATE[42S02]: Base table or view not found: 1146 Table 'twittercapture._hashtags' doesn't exist in /var/www/dmi-tcat/analysis/common/functions.php:892
Stack trace:
#0 /var/www/dmi-tcat/analysis/common/functions.php(892): PDOStatement->execute()
#1 /var/www/dmi-tcat/analysis/common/functions.php(247): current_collation()
#2 /var/www/dmi-tcat/analysis/index.php(358): sqlSubset()
#3 {main}
  thrown in /var/www/dmi-tcat/analysis/common/functions.php on line 892
[27-May-2019 19:19:23 UTC] PHP Parse error:  syntax error, unexpected '}', expecting end of file in /var/www/dmi-tcat/analysis/common/pseudonymization.php on line 127
[27-May-2019 19:19:27 UTC] PHP Parse error:  syntax error, unexpected '}', expecting end of file in /var/www/dmi-tcat/analysis/common/pseudonymization.php on line 127
[27-May-2019 19:19:30 UTC] PHP Parse error:  syntax error, unexpected '}', expecting end of file in /var/www/dmi-tcat/analysis/common/pseudonymization.php on line 127
[27-May-2019 19:19:33 UTC] PHP Parse error:  syntax error, unexpected '}', expecting end of file in /var/www/dmi-tcat/analysis/common/pseudonymization.php on line 127
[27-May-2019 19:19:36 UTC] PHP Parse error:  syntax error, unexpected '}', expecting end of file in /var/www/dmi-tcat/analysis/common/pseudonymization.php on line 127
[27-May-2019 19:19:39 UTC] PHP Parse error:  syntax error, unexpected '}', expecting end of file in /var/www/dmi-tcat/analysis/common/pseudonymization.php on line 127
[27-May-2019 19:19:42 UTC] PHP Parse error:  syntax error, unexpected '}', expecting end of file in /var/www/dmi-tcat/analysis/common/pseudonymization.php on line 127
[27-May-2019 19:19:45 UTC] PHP Parse error:  syntax error, unexpected '}', expecting end of file in /var/www/dmi-tcat/analysis/common/pseudonymization.php on line 127
[27-May-2019 19:19:48 UTC] PHP Parse error:  syntax error, unexpected '}', expecting end of file in /var/www/dmi-tcat/analysis/common/pseudonymization.php on line 127
[27-May-2019 19:19:51 UTC] PHP Parse error:  syntax error, unexpected '}', expecting end of file in /var/www/dmi-tcat/analysis/common/pseudonymization.php on line 127
[27-May-2019 19:19:54 UTC] PHP Parse error:  syntax error, unexpected '}', expecting end of file in /var/www/dmi-tcat/analysis/common/pseudonymization.php on line 127
[27-May-2019 19:19:57 UTC] PHP Parse error:  syntax error, unexpected '}', expecting end of file in /var/www/dmi-tcat/analysis/common/pseudonymization.php on line 127
[27-May-2019 19:20:00 UTC] PHP Parse error:  syntax error, unexpected '}', expecting end of file in /var/www/dmi-tcat/analysis/common/pseudonymization.php on line 127
[27-May-2019 19:20:03 UTC] PHP Parse error:  syntax error, unexpected '}', expecting end of file in /var/www/dmi-tcat/analysis/common/pseudonymization.php on line 127
[27-May-2019 19:20:06 UTC] PHP Parse error:  syntax error, unexpected '}', expecting end of file in /var/www/dmi-tcat/analysis/common/pseudonymization.php on line 127
[27-May-2019 19:20:09 UTC] PHP Parse error:  syntax error, unexpected '}', expecting end of file in /var/www/dmi-tcat/analysis/common/pseudonymization.php on line 127
[27-May-2019 19:20:12 UTC] PHP Parse error:  syntax error, unexpected '}', expecting end of file in /var/www/dmi-tcat/analysis/common/pseudonymization.php on line 127
[27-May-2019 19:20:15 UTC] PHP Parse error:  syntax error, unexpected '}', expecting end of file in /var/www/dmi-tcat/analysis/common/pseudonymization.php on line 127
[27-May-2019 19:20:18 UTC] PHP Parse error:  syntax error, unexpected '}', expecting end of file in /var/www/dmi-tcat/analysis/common/pseudonymization.php on line 127
[27-May-2019 19:20:21 UTC] PHP Parse error:  syntax error, unexpected '}', expecting end of file in /var/www/dmi-tcat/analysis/common/pseudonymization.php on line 127
[27-May-2019 19:20:24 UTC] PHP Parse error:  syntax error, unexpected '}', expecting end of file in /var/www/dmi-tcat/analysis/common/pseudonymization.php on line 127
[27-May-2019 19:20:27 UTC] PHP Parse error:  syntax error, unexpected '}', expecting end of file in /var/www/dmi-tcat/analysis/common/pseudonymization.php on line 127
[27-May-2019 19:20:30 UTC] PHP Parse error:  syntax error, unexpected '}', expecting end of file in /var/www/dmi-tcat/analysis/common/pseudonymization.php on line 127
[27-May-2019 19:20:33 UTC] PHP Parse error:  syntax error, unexpected '}', expecting end of file in /var/www/dmi-tcat/analysis/common/pseudonymization.php on line 127
[27-May-2019 19:20:36 UTC] PHP Parse error:  syntax error, unexpected '}', expecting end of file in /var/www/dmi-tcat/analysis/common/pseudonymization.php on line 127
[27-May-2019 19:20:39 UTC] PHP Parse error:  syntax error, unexpected '}', expecting end of file in /var/www/dmi-tcat/analysis/common/pseudonymization.php on line 127
[27-May-2019 19:20:42 UTC] PHP Parse error:  syntax error, unexpected '}', expecting end of file in /var/www/dmi-tcat/analysis/common/pseudonymization.php on line 127
[27-May-2019 19:20:45 UTC] PHP Parse error:  syntax error, unexpected '}', expecting end of file in /var/www/dmi-tcat/analysis/common/pseudonymization.php on line 127
[27-May-2019 19:20:48 UTC] PHP Parse error:  syntax error, unexpected '}', expecting end of file in /var/www/dmi-tcat/analysis/common/pseudonymization.php on line 127
[27-May-2019 19:20:51 UTC] PHP Parse error:  syntax error, unexpected '}', expecting end of file in /var/www/dmi-tcat/analysis/common/pseudonymization.php on line 127
[27-May-2019 19:20:54 UTC] PHP Parse error:  syntax error, unexpected '}', expecting end of file in /var/www/dmi-tcat/analysis/common/pseudonymization.php on line 127
[27-May-2019 19:20:57 UTC] PHP Parse error:  syntax error, unexpected '}', expecting end of file in /var/www/dmi-tcat/analysis/common/pseudonymization.php on line 127
[27-May-2019 19:21:00 UTC] PHP Parse error:  syntax error, unexpected '}', expecting end of file in /var/www/dmi-tcat/analysis/common/pseudonymization.php on line 127
[27-May-2019 19:21:03 UTC] PHP Parse error:  syntax error, unexpected '}', expecting end of file in /var/www/dmi-tcat/analysis/common/pseudonymization.php on line 127
[27-May-2019 19:21:06 UTC] PHP Parse error:  syntax error, unexpected '}', expecting end of file in /var/www/dmi-tcat/analysis/common/pseudonymization.php on line 127
[27-May-2019 19:21:09 UTC] PHP Parse error:  syntax error, unexpected '}', expecting end of file in /var/www/dmi-tcat/analysis/common/pseudonymization.php on line 127
[27-May-2019 19:21:12 UTC] PHP Parse error:  syntax error, unexpected '}', expecting end of file in /var/www/dmi-tcat/analysis/common/pseudonymization.php on line 127
[27-May-2019 19:21:15 UTC] PHP Parse error:  syntax error, unexpected '}', expecting end of file in /var/www/dmi-tcat/analysis/common/pseudonymization.php on line 127
[27-May-2019 19:21:18 UTC] PHP Parse error:  syntax error, unexpected '}', expecting end of file in /var/www/dmi-tcat/analysis/common/pseudonymization.php on line 127
[27-May-2019 19:21:21 UTC] PHP Parse error:  syntax error, unexpected '}', expecting end of file in /var/www/dmi-tcat/analysis/common/pseudonymization.php on line 127
[27-May-2019 19:21:24 UTC] PHP Parse error:  syntax error, unexpected '}', expecting end of file in /var/www/dmi-tcat/analysis/common/pseudonymization.php on line 127
[27-May-2019 19:21:27 UTC] PHP Parse error:  syntax error, unexpected '}', expecting end of file in /var/www/dmi-tcat/analysis/common/pseudonymization.php on line 127
[27-May-2019 19:21:30 UTC] PHP Parse error:  syntax error, unexpected '}', expecting end of file in /var/www/dmi-tcat/analysis/common/pseudonymization.php on line 127
[27-May-2019 19:21:33 UTC] PHP Parse error:  syntax error, unexpected '}', expecting end of file in /var/www/dmi-tcat/analysis/common/pseudonymization.php on line 127
[27-May-2019 19:21:36 UTC] PHP Parse error:  syntax error, unexpected '}', expecting end of file in /var/www/dmi-tcat/analysis/common/pseudonymization.php on line 127
[27-May-2019 19:21:39 UTC] PHP Parse error:  syntax error, unexpected '}', expecting end of file in /var/www/dmi-tcat/analysis/common/pseudonymization.php on line 127
[27-May-2019 19:21:42 UTC] PHP Parse error:  syntax error, unexpected '}', expecting end of file in /var/www/dmi-tcat/analysis/common/pseudonymization.php on line 127
[27-May-2019 19:21:45 UTC] PHP Parse error:  syntax error, unexpected '}', expecting end of file in /var/www/dmi-tcat/analysis/common/pseudonymization.php on line 127
[27-May-2019 19:21:48 UTC] PHP Parse error:  syntax error, unexpected '}', expecting end of file in /var/www/dmi-tcat/analysis/common/pseudonymization.php on line 127
[27-May-2019 19:21:51 UTC] PHP Parse error:  syntax error, unexpected '}', expecting end of file in /var/www/dmi-tcat/analysis/common/pseudonymization.php on line 127
[27-May-2019 19:21:54 UTC] PHP Parse error:  syntax error, unexpected '}', expecting end of file in /var/www/dmi-tcat/analysis/common/pseudonymization.php on line 127
[27-May-2019 19:21:57 UTC] PHP Parse error:  syntax error, unexpected '}', expecting end of file in /var/www/dmi-tcat/analysis/common/pseudonymization.php on line 127
[27-May-2019 19:22:00 UTC] PHP Parse error:  syntax error, unexpected '}', expecting end of file in /var/www/dmi-tcat/analysis/common/pseudonymization.php on line 127
[27-May-2019 19:22:03 UTC] PHP Parse error:  syntax error, unexpected '}', expecting end of file in /var/www/dmi-tcat/analysis/common/pseudonymization.php on line 127
[27-May-2019 19:22:06 UTC] PHP Parse error:  syntax error, unexpected '}', expecting end of file in /var/www/dmi-tcat/analysis/common/pseudonymization.php on line 127
[27-May-2019 19:22:09 UTC] PHP Parse error:  syntax error, unexpected '}', expecting end of file in /var/www/dmi-tcat/analysis/common/pseudonymization.php on line 127
[27-May-2019 19:22:12 UTC] PHP Parse error:  syntax error, unexpected '}', expecting end of file in /var/www/dmi-tcat/analysis/common/pseudonymization.php on line 127
[27-May-2019 19:22:15 UTC] PHP Parse error:  syntax error, unexpected '}', expecting end of file in /var/www/dmi-tcat/analysis/common/pseudonymization.php on line 127
[27-May-2019 19:22:18 UTC] PHP Parse error:  syntax error, unexpected '}', expecting end of file in /var/www/dmi-tcat/analysis/common/pseudonymization.php on line 127
[27-May-2019 19:22:21 UTC] PHP Parse error:  syntax error, unexpected '}', expecting end of file in /var/www/dmi-tcat/analysis/common/pseudonymization.php on line 127
[27-May-2019 19:22:24 UTC] PHP Parse error:  syntax error, unexpected '}', expecting end of file in /var/www/dmi-tcat/analysis/common/pseudonymization.php on line 127
[27-May-2019 19:22:27 UTC] PHP Parse error:  syntax error, unexpected '}', expecting end of file in /var/www/dmi-tcat/analysis/common/pseudonymization.php on line 127
[27-May-2019 19:22:30 UTC] PHP Parse error:  syntax error, unexpected '}', expecting end of file in /var/www/dmi-tcat/analysis/common/pseudonymization.php on line 127
[27-May-2019 19:22:33 UTC] PHP Parse error:  syntax error, unexpected '}', expecting end of file in /var/www/dmi-tcat/analysis/common/pseudonymization.php on line 127
[27-May-2019 19:22:36 UTC] PHP Parse error:  syntax error, unexpected '}', expecting end of file in /var/www/dmi-tcat/analysis/common/pseudonymization.php on line 127
[27-May-2019 19:22:39 UTC] PHP Parse error:  syntax error, unexpected '}', expecting end of file in /var/www/dmi-tcat/analysis/common/pseudonymization.php on line 127
[27-May-2019 19:22:42 UTC] PHP Parse error:  syntax error, unexpected '}', expecting end of file in /var/www/dmi-tcat/analysis/common/pseudonymization.php on line 127
[27-May-2019 19:22:45 UTC] PHP Parse error:  syntax error, unexpected '}', expecting end of file in /var/www/dmi-tcat/analysis/common/pseudonymization.php on line 127
[27-May-2019 19:22:48 UTC] PHP Parse error:  syntax error, unexpected '}', expecting end of file in /var/www/dmi-tcat/analysis/common/pseudonymization.php on line 127
[27-May-2019 19:22:51 UTC] PHP Parse error:  syntax error, unexpected '}', expecting end of file in /var/www/dmi-tcat/analysis/common/pseudonymization.php on line 127
[27-May-2019 19:22:54 UTC] PHP Parse error:  syntax error, unexpected '}', expecting end of file in /var/www/dmi-tcat/analysis/common/pseudonymization.php on line 127
[27-May-2019 19:22:57 UTC] PHP Parse error:  syntax error, unexpected '}', expecting end of file in /var/www/dmi-tcat/analysis/common/pseudonymization.php on line 127
[27-May-2019 19:23:00 UTC] PHP Parse error:  syntax error, unexpected '}', expecting end of file in /var/www/dmi-tcat/analysis/common/pseudonymization.php on line 127
[27-May-2019 19:23:03 UTC] PHP Parse error:  syntax error, unexpected '}', expecting end of file in /var/www/dmi-tcat/analysis/common/pseudonymization.php on line 127
[27-May-2019 19:23:06 UTC] PHP Parse error:  syntax error, unexpected '}', expecting end of file in /var/www/dmi-tcat/analysis/common/pseudonymization.php on line 127
[27-May-2019 19:23:09 UTC] PHP Parse error:  syntax error, unexpected '}', expecting end of file in /var/www/dmi-tcat/analysis/common/pseudonymization.php on line 127
[27-May-2019 19:23:12 UTC] PHP Parse error:  syntax error, unexpected '}', expecting end of file in /var/www/dmi-tcat/analysis/common/pseudonymization.php on line 127
[27-May-2019 19:23:15 UTC] PHP Parse error:  syntax error, unexpected '}', expecting end of file in /var/www/dmi-tcat/analysis/common/pseudonymization.php on line 127
[27-May-2019 19:23:18 UTC] PHP Parse error:  syntax error, unexpected '}', expecting end of file in /var/www/dmi-tcat/analysis/common/pseudonymization.php on line 127
[27-May-2019 19:23:21 UTC] PHP Parse error:  syntax error, unexpected '}', expecting end of file in /var/www/dmi-tcat/analysis/common/pseudonymization.php on line 127
[27-May-2019 19:23:24 UTC] PHP Parse error:  syntax error, unexpected '}', expecting end of file in /var/www/dmi-tcat/analysis/common/pseudonymization.php on line 127
[27-May-2019 19:23:27 UTC] PHP Parse error:  syntax error, unexpected '}', expecting end of file in /var/www/dmi-tcat/analysis/common/pseudonymization.php on line 127
[27-May-2019 19:23:30 UTC] PHP Parse error:  syntax error, unexpected '}', expecting end of file in /var/www/dmi-tcat/analysis/common/pseudonymization.php on line 127
[27-May-2019 19:23:33 UTC] PHP Parse error:  syntax error, unexpected '}', expecting end of file in /var/www/dmi-tcat/analysis/common/pseudonymization.php on line 127
[27-May-2019 19:23:36 UTC] PHP Parse error:  syntax error, unexpected '}', expecting end of file in /var/www/dmi-tcat/analysis/common/pseudonymization.php on line 127
[27-May-2019 19:23:39 UTC] PHP Parse error:  syntax error, unexpected '}', expecting end of file in /var/www/dmi-tcat/analysis/common/pseudonymization.php on line 127
[27-May-2019 19:23:42 UTC] PHP Parse error:  syntax error, unexpected '}', expecting end of file in /var/www/dmi-tcat/analysis/common/pseudonymization.php on line 127
[27-May-2019 19:23:45 UTC] PHP Parse error:  syntax error, unexpected '}', expecting end of file in /var/www/dmi-tcat/analysis/common/pseudonymization.php on line 127
[27-May-2019 19:23:48 UTC] PHP Parse error:  syntax error, unexpected '}', expecting end of file in /var/www/dmi-tcat/analysis/common/pseudonymization.php on line 127
[27-May-2019 19:23:51 UTC] PHP Parse error:  syntax error, unexpected '}', expecting end of file in /var/www/dmi-tcat/analysis/common/pseudonymization.php on line 127
[27-May-2019 19:23:54 UTC] PHP Parse error:  syntax error, unexpected '}', expecting end of file in /var/www/dmi-tcat/analysis/common/pseudonymization.php on line 127
[27-May-2019 19:23:57 UTC] PHP Parse error:  syntax error, unexpected '}', expecting end of file in /var/www/dmi-tcat/analysis/common/pseudonymization.php on line 127
[27-May-2019 19:24:00 UTC] PHP Parse error:  syntax error, unexpected '}', expecting end of file in /var/www/dmi-tcat/analysis/common/pseudonymization.php on line 127
[27-May-2019 19:24:03 UTC] PHP Parse error:  syntax error, unexpected '}', expecting end of file in /var/www/dmi-tcat/analysis/common/pseudonymization.php on line 127
[27-May-2019 19:24:06 UTC] PHP Parse error:  syntax error, unexpected '}', expecting end of file in /var/www/dmi-tcat/analysis/common/pseudonymization.php on line 127
[27-May-2019 19:24:09 UTC] PHP Parse error:  syntax error, unexpected '}', expecting end of file in /var/www/dmi-tcat/analysis/common/pseudonymization.php on line 127
[27-May-2019 19:24:12 UTC] PHP Parse error:  syntax error, unexpected '}', expecting end of file in /var/www/dmi-tcat/analysis/common/pseudonymization.php on line 127
[27-May-2019 19:24:15 UTC] PHP Parse error:  syntax error, unexpected '}', expecting end of file in /var/www/dmi-tcat/analysis/common/pseudonymization.php on line 127
[27-May-2019 19:24:18 UTC] PHP Parse error:  syntax error, unexpected '}', expecting end of file in /var/www/dmi-tcat/analysis/common/pseudonymization.php on line 127
[27-May-2019 19:24:21 UTC] PHP Parse error:  syntax error, unexpected '}', expecting end of file in /var/www/dmi-tcat/analysis/common/pseudonymization.php on line 127
[27-May-2019 19:24:24 UTC] PHP Parse error:  syntax error, unexpected '}', expecting end of file in /var/www/dmi-tcat/analysis/common/pseudonymization.php on line 127
[27-May-2019 19:24:27 UTC] PHP Parse error:  syntax error, unexpected '}', expecting end of file in /var/www/dmi-tcat/analysis/common/pseudonymization.php on line 127
[27-May-2019 19:24:30 UTC] PHP Parse error:  syntax error, unexpected '}', expecting end of file in /var/www/dmi-tcat/analysis/common/pseudonymization.php on line 127
[27-May-2019 19:24:33 UTC] PHP Parse error:  syntax error, unexpected '}', expecting end of file in /var/www/dmi-tcat/analysis/common/pseudonymization.php on line 127
[27-May-2019 19:24:36 UTC] PHP Parse error:  syntax error, unexpected '}', expecting end of file in /var/www/dmi-tcat/analysis/common/pseudonymization.php on line 127
[27-May-2019 19:24:39 UTC] PHP Parse error:  syntax error, unexpected '}', expecting end of file in /var/www/dmi-tcat/analysis/common/pseudonymization.php on line 127
[27-May-2019 19:24:42 UTC] PHP Parse error:  syntax error, unexpected '}', expecting end of file in /var/www/dmi-tcat/analysis/common/pseudonymization.php on line 127
[27-May-2019 19:24:45 UTC] PHP Parse error:  syntax error, unexpected '}', expecting end of file in /var/www/dmi-tcat/analysis/common/pseudonymization.php on line 127
[27-May-2019 19:24:48 UTC] PHP Parse error:  syntax error, unexpected '}', expecting end of file in /var/www/dmi-tcat/analysis/common/pseudonymization.php on line 127
[27-May-2019 19:24:51 UTC] PHP Parse error:  syntax error, unexpected '}', expecting end of file in /var/www/dmi-tcat/analysis/common/pseudonymization.php on line 127
[27-May-2019 19:24:54 UTC] PHP Parse error:  syntax error, unexpected '}', expecting end of file in /var/www/dmi-tcat/analysis/common/pseudonymization.php on line 127
[27-May-2019 19:24:57 UTC] PHP Parse error:  syntax error, unexpected '}', expecting end of file in /var/www/dmi-tcat/analysis/common/pseudonymization.php on line 127
[27-May-2019 19:25:00 UTC] PHP Parse error:  syntax error, unexpected '}', expecting end of file in /var/www/dmi-tcat/analysis/common/pseudonymization.php on line 127
[27-May-2019 19:25:03 UTC] PHP Parse error:  syntax error, unexpected '}', expecting end of file in /var/www/dmi-tcat/analysis/common/pseudonymization.php on line 127
[27-May-2019 19:25:06 UTC] PHP Parse error:  syntax error, unexpected '}', expecting end of file in /var/www/dmi-tcat/analysis/common/pseudonymization.php on line 127
[27-May-2019 19:25:09 UTC] PHP Parse error:  syntax error, unexpected '}', expecting end of file in /var/www/dmi-tcat/analysis/common/pseudonymization.php on line 127
[27-May-2019 19:25:12 UTC] PHP Parse error:  syntax error, unexpected '}', expecting end of file in /var/www/dmi-tcat/analysis/common/pseudonymization.php on line 127
[27-May-2019 19:25:15 UTC] PHP Parse error:  syntax error, unexpected '}', expecting end of file in /var/www/dmi-tcat/analysis/common/pseudonymization.php on line 127
[27-May-2019 19:25:18 UTC] PHP Parse error:  syntax error, unexpected '}', expecting end of file in /var/www/dmi-tcat/analysis/common/pseudonymization.php on line 127
[27-May-2019 19:25:21 UTC] PHP Parse error:  syntax error, unexpected '}', expecting end of file in /var/www/dmi-tcat/analysis/common/pseudonymization.php on line 127
[27-May-2019 19:25:24 UTC] PHP Parse error:  syntax error, unexpected '}', expecting end of file in /var/www/dmi-tcat/analysis/common/pseudonymization.php on line 127
[27-May-2019 19:25:27 UTC] PHP Parse error:  syntax error, unexpected '}', expecting end of file in /var/www/dmi-tcat/analysis/common/pseudonymization.php on line 127
[27-May-2019 19:25:30 UTC] PHP Parse error:  syntax error, unexpected '}', expecting end of file in /var/www/dmi-tcat/analysis/common/pseudonymization.php on line 127
[27-May-2019 19:25:33 UTC] PHP Parse error:  syntax error, unexpected '}', expecting end of file in /var/www/dmi-tcat/analysis/common/pseudonymization.php on line 127
[27-May-2019 19:25:36 UTC] PHP Parse error:  syntax error, unexpected '}', expecting end of file in /var/www/dmi-tcat/analysis/common/pseudonymization.php on line 127
[27-May-2019 19:25:39 UTC] PHP Parse error:  syntax error, unexpected '}', expecting end of file in /var/www/dmi-tcat/analysis/common/pseudonymization.php on line 127
[27-May-2019 19:25:42 UTC] PHP Parse error:  syntax error, unexpected '}', expecting end of file in /var/www/dmi-tcat/analysis/common/pseudonymization.php on line 127
[27-May-2019 19:25:45 UTC] PHP Parse error:  syntax error, unexpected '}', expecting end of file in /var/www/dmi-tcat/analysis/common/pseudonymization.php on line 127
[27-May-2019 19:25:48 UTC] PHP Parse error:  syntax error, unexpected '}', expecting end of file in /var/www/dmi-tcat/analysis/common/pseudonymization.php on line 127
[27-May-2019 19:25:51 UTC] PHP Parse error:  syntax error, unexpected '}', expecting end of file in /var/www/dmi-tcat/analysis/common/pseudonymization.php on line 127
[27-May-2019 19:25:54 UTC] PHP Parse error:  syntax error, unexpected '}', expecting end of file in /var/www/dmi-tcat/analysis/common/pseudonymization.php on line 127
[27-May-2019 19:25:57 UTC] PHP Parse error:  syntax error, unexpected '}', expecting end of file in /var/www/dmi-tcat/analysis/common/pseudonymization.php on line 127
[27-May-2019 19:26:00 UTC] PHP Parse error:  syntax error, unexpected '}', expecting end of file in /var/www/dmi-tcat/analysis/common/pseudonymization.php on line 127
[27-May-2019 19:26:03 UTC] PHP Parse error:  syntax error, unexpected '}', expecting end of file in /var/www/dmi-tcat/analysis/common/pseudonymization.php on line 127
[27-May-2019 19:26:06 UTC] PHP Parse error:  syntax error, unexpected '}', expecting end of file in /var/www/dmi-tcat/analysis/common/pseudonymization.php on line 127
[27-May-2019 19:26:09 UTC] PHP Parse error:  syntax error, unexpected '}', expecting end of file in /var/www/dmi-tcat/analysis/common/pseudonymization.php on line 127
[27-May-2019 19:26:12 UTC] PHP Parse error:  syntax error, unexpected '}', expecting end of file in /var/www/dmi-tcat/analysis/common/pseudonymization.php on line 127
[27-May-2019 19:26:15 UTC] PHP Parse error:  syntax error, unexpected '}', expecting end of file in /var/www/dmi-tcat/analysis/common/pseudonymization.php on line 127
[27-May-2019 19:26:18 UTC] PHP Parse error:  syntax error, unexpected '}', expecting end of file in /var/www/dmi-tcat/analysis/common/pseudonymization.php on line 127
[27-May-2019 19:26:21 UTC] PHP Parse error:  syntax error, unexpected '}', expecting end of file in /var/www/dmi-tcat/analysis/common/pseudonymization.php on line 127
[27-May-2019 19:26:24 UTC] PHP Parse error:  syntax error, unexpected '}', expecting end of file in /var/www/dmi-tcat/analysis/common/pseudonymization.php on line 127
[27-May-2019 19:26:27 UTC] PHP Parse error:  syntax error, unexpected '}', expecting end of file in /var/www/dmi-tcat/analysis/common/pseudonymization.php on line 127
[27-May-2019 19:26:30 UTC] PHP Parse error:  syntax error, unexpected '}', expecting end of file in /var/www/dmi-tcat/analysis/common/pseudonymization.php on line 127
[27-May-2019 19:26:33 UTC] PHP Parse error:  syntax error, unexpected '}', expecting end of file in /var/www/dmi-tcat/analysis/common/pseudonymization.php on line 127
